{"C:\\Users\\james\\OneDrive\\Desktop\\projects\\react\\weather\\src\\App.scss": {"path":"C:\\Users\\james\\OneDrive\\Desktop\\projects\\react\\weather\\src\\App.scss","statementMap":{},"fnMap":{},"branchMap":{},"s":{},"f":{},"b":{},"meta":{"lastBranch":0,"lastFunction":0,"lastStatement":0,"seen":{}}}
,"C:\\Users\\james\\OneDrive\\Desktop\\projects\\react\\weather\\src\\App.tsx": {"path":"C:\\Users\\james\\OneDrive\\Desktop\\projects\\react\\weather\\src\\App.tsx","statementMap":{"0":{"start":{"line":5,"column":2},"end":{"line":8,"column":null}}},"fnMap":{"0":{"name":"App","decl":{"start":{"line":4,"column":9},"end":{"line":4,"column":15}},"loc":{"start":{"line":4,"column":15},"end":{"line":10,"column":null}},"line":4}},"branchMap":{},"s":{"0":1},"f":{"0":1},"b":{},"meta":{"lastBranch":0,"lastFunction":1,"lastStatement":1,"seen":{"f:4:9:4:15":0,"s:5:2:8:Infinity":0}}}
}
